<?xml version="1.0" encoding="UTF-8"?>
<testng-results skipped="0" failed="0" ignored="8" total="11" passed="3">
  <reporter-output>
  </reporter-output>
  <suite name="Command line suite" duration-ms="20" started-at="2019-08-25T17:52:32Z" finished-at="2019-08-25T17:52:32Z">
    <groups>
    </groups>
    <test name="Command line test" duration-ms="20" started-at="2019-08-25T17:52:32Z" finished-at="2019-08-25T17:52:32Z">
      <class name="com.bit.ui.test.SmokeTest">
        <test-method status="PASS" signature="beforeClass()[pri:0, instance:com.bit.ui.test.SmokeTest@6442b0a6]" name="beforeClass" is-config="true" duration-ms="0" started-at="2019-08-25T17:52:32Z" finished-at="2019-08-25T17:52:32Z">
          <reporter-output>
          </reporter-output>
        </test-method> <!-- beforeClass -->
        <test-method status="PASS" signature="afterClass()[pri:0, instance:com.bit.ui.test.SmokeTest@6442b0a6]" name="afterClass" is-config="true" duration-ms="1" started-at="2019-08-25T17:52:32Z" finished-at="2019-08-25T17:52:32Z">
          <reporter-output>
          </reporter-output>
        </test-method> <!-- afterClass -->
        <test-method status="PASS" signature="test1()[pri:0, instance:com.bit.ui.test.SmokeTest@6442b0a6]" name="test1" duration-ms="0" started-at="2019-08-25T17:52:32Z" finished-at="2019-08-25T17:52:32Z">
          <reporter-output>
          </reporter-output>
        </test-method> <!-- test1 -->
        <test-method status="PASS" signature="beforeMethod()[pri:0, instance:com.bit.ui.test.SmokeTest@6442b0a6]" name="beforeMethod" is-config="true" duration-ms="0" started-at="2019-08-25T17:52:32Z" finished-at="2019-08-25T17:52:32Z">
          <reporter-output>
          </reporter-output>
        </test-method> <!-- beforeMethod -->
        <test-method status="PASS" signature="afterMethod()[pri:0, instance:com.bit.ui.test.SmokeTest@6442b0a6]" name="afterMethod" is-config="true" duration-ms="0" started-at="2019-08-25T17:52:32Z" finished-at="2019-08-25T17:52:32Z">
          <reporter-output>
          </reporter-output>
        </test-method> <!-- afterMethod -->
      </class> <!-- com.bit.ui.test.SmokeTest -->
      <class name="com.bit.ui.test.BaseTest">
        <test-method status="PASS" signature="beforeSuite()[pri:0, instance:com.bit.ui.test.BaseTest@67b64c45]" name="beforeSuite" is-config="true" duration-ms="10" started-at="2019-08-25T17:52:32Z" finished-at="2019-08-25T17:52:32Z">
          <reporter-output>
          </reporter-output>
        </test-method> <!-- beforeSuite -->
        <test-method status="PASS" signature="beforeTest()[pri:0, instance:com.bit.ui.test.BaseTest@67b64c45]" name="beforeTest" is-config="true" duration-ms="0" started-at="2019-08-25T17:52:32Z" finished-at="2019-08-25T17:52:32Z">
          <reporter-output>
          </reporter-output>
        </test-method> <!-- beforeTest -->
        <test-method status="PASS" signature="afterTest()[pri:0, instance:com.bit.ui.test.BaseTest@67b64c45]" name="afterTest" is-config="true" duration-ms="0" started-at="2019-08-25T17:52:32Z" finished-at="2019-08-25T17:52:32Z">
          <reporter-output>
          </reporter-output>
        </test-method> <!-- afterTest -->
        <test-method status="PASS" signature="afterSuite()[pri:0, instance:com.bit.ui.test.BaseTest@67b64c45]" name="afterSuite" is-config="true" duration-ms="0" started-at="2019-08-25T17:52:32Z" finished-at="2019-08-25T17:52:32Z">
          <reporter-output>
          </reporter-output>
        </test-method> <!-- afterSuite -->
      </class> <!-- com.bit.ui.test.BaseTest -->
      <class name="com.bit.ui.test.RegressionTest">
        <test-method status="PASS" signature="beforeClass()[pri:0, instance:com.bit.ui.test.RegressionTest@4411d970]" name="beforeClass" is-config="true" duration-ms="0" started-at="2019-08-25T17:52:32Z" finished-at="2019-08-25T17:52:32Z">
          <reporter-output>
          </reporter-output>
        </test-method> <!-- beforeClass -->
        <test-method status="PASS" signature="beforeMethod()[pri:0, instance:com.bit.ui.test.RegressionTest@4411d970]" name="beforeMethod" is-config="true" duration-ms="0" started-at="2019-08-25T17:52:32Z" finished-at="2019-08-25T17:52:32Z">
          <reporter-output>
          </reporter-output>
        </test-method> <!-- beforeMethod -->
        <test-method status="PASS" signature="test2()[pri:0, instance:com.bit.ui.test.RegressionTest@4411d970]" name="test2" duration-ms="0" started-at="2019-08-25T17:52:32Z" finished-at="2019-08-25T17:52:32Z">
          <reporter-output>
          </reporter-output>
        </test-method> <!-- test2 -->
        <test-method status="PASS" signature="afterMethod()[pri:0, instance:com.bit.ui.test.RegressionTest@4411d970]" name="afterMethod" is-config="true" duration-ms="0" started-at="2019-08-25T17:52:32Z" finished-at="2019-08-25T17:52:32Z">
          <reporter-output>
          </reporter-output>
        </test-method> <!-- afterMethod -->
        <test-method status="PASS" signature="test3()[pri:0, instance:com.bit.ui.test.RegressionTest@4411d970]" name="test3" duration-ms="1" started-at="2019-08-25T17:52:32Z" finished-at="2019-08-25T17:52:32Z">
          <reporter-output>
          </reporter-output>
        </test-method> <!-- test3 -->
        <test-method status="PASS" signature="beforeMethod()[pri:0, instance:com.bit.ui.test.RegressionTest@4411d970]" name="beforeMethod" is-config="true" duration-ms="0" started-at="2019-08-25T17:52:32Z" finished-at="2019-08-25T17:52:32Z">
          <reporter-output>
          </reporter-output>
        </test-method> <!-- beforeMethod -->
        <test-method status="PASS" signature="afterClass()[pri:0, instance:com.bit.ui.test.RegressionTest@4411d970]" name="afterClass" is-config="true" duration-ms="0" started-at="2019-08-25T17:52:32Z" finished-at="2019-08-25T17:52:32Z">
          <reporter-output>
          </reporter-output>
        </test-method> <!-- afterClass -->
        <test-method status="PASS" signature="afterMethod()[pri:0, instance:com.bit.ui.test.RegressionTest@4411d970]" name="afterMethod" is-config="true" duration-ms="0" started-at="2019-08-25T17:52:32Z" finished-at="2019-08-25T17:52:32Z">
          <reporter-output>
          </reporter-output>
        </test-method> <!-- afterMethod -->
      </class> <!-- com.bit.ui.test.RegressionTest -->
    </test> <!-- Command line test -->
  </suite> <!-- Command line suite -->
</testng-results>
